16384
STREAM triad of size      104 : min/avg/max: 1.06916e-05 1.07024e-05 1.07076e-05 seconds or  9.72731 MUPD/s or  1912.47 GB/s
16384
STREAM triad of size      120 : min/avg/max:  1.3832e-05 1.38331e-05 1.38348e-05 seconds or  8.67556 MUPD/s or  1705.68 GB/s
16384
STREAM triad of size      136 : min/avg/max: 1.55566e-05 1.55572e-05 1.55581e-05 seconds or  8.74228 MUPD/s or   1718.8 GB/s
16384
STREAM triad of size      152 : min/avg/max: 1.67644e-05  1.6766e-05 1.67673e-05 seconds or  9.06684 MUPD/s or  1782.61 GB/s
16384
STREAM triad of size      168 : min/avg/max: 1.79425e-05 1.79438e-05 1.79457e-05 seconds or  9.36322 MUPD/s or  1840.88 GB/s
16384
STREAM triad of size      192 : min/avg/max: 1.94408e-05 1.94416e-05 1.94425e-05 seconds or  9.87616 MUPD/s or  1941.73 GB/s
16384
STREAM triad of size      216 : min/avg/max: 2.19069e-05  2.1908e-05 2.19089e-05 seconds or  9.85989 MUPD/s or  1938.53 GB/s
16384
STREAM triad of size      240 : min/avg/max: 2.33281e-05 2.33286e-05 2.33292e-05 seconds or   10.288 MUPD/s or  2022.71 GB/s
16384
STREAM triad of size      272 : min/avg/max: 2.56501e-05 2.56514e-05 2.56524e-05 seconds or  10.6043 MUPD/s or  2084.88 GB/s
16384
STREAM triad of size      304 : min/avg/max: 2.81821e-05  2.8184e-05 2.81855e-05 seconds or   10.787 MUPD/s or  2120.81 GB/s
16384
STREAM triad of size      336 : min/avg/max: 3.07852e-05 3.07867e-05 3.07878e-05 seconds or  10.9143 MUPD/s or  2145.84 GB/s
16384
STREAM triad of size      376 : min/avg/max: 3.42868e-05 3.42884e-05 3.42895e-05 seconds or  10.9663 MUPD/s or  2156.07 GB/s
16384
STREAM triad of size      416 : min/avg/max: 3.67601e-05 3.67618e-05 3.67635e-05 seconds or  11.3166 MUPD/s or  2224.94 GB/s
16384
STREAM triad of size      464 : min/avg/max: 4.06445e-05 4.06471e-05 4.06495e-05 seconds or  11.4161 MUPD/s or  2244.49 GB/s
16384
STREAM triad of size      512 : min/avg/max: 4.38313e-05 4.38342e-05 4.38387e-05 seconds or  11.6811 MUPD/s or  2296.61 GB/s
16384
STREAM triad of size      568 : min/avg/max: 4.88906e-05 4.88919e-05 4.88936e-05 seconds or  11.6178 MUPD/s or  2284.15 GB/s
16384
STREAM triad of size      632 : min/avg/max: 5.39016e-05 5.39052e-05  5.3909e-05 seconds or  11.7251 MUPD/s or  2305.24 GB/s
16384
STREAM triad of size      696 : min/avg/max: 5.83548e-05 5.83565e-05 5.83586e-05 seconds or   11.927 MUPD/s or  2344.95 GB/s
16384
STREAM triad of size      768 : min/avg/max:  6.3249e-05 6.32523e-05 6.32565e-05 seconds or  12.1425 MUPD/s or  2387.31 GB/s
16384
STREAM triad of size      848 : min/avg/max: 6.94107e-05 6.94128e-05 6.94156e-05 seconds or  12.2171 MUPD/s or  2401.99 GB/s
16384
STREAM triad of size      936 : min/avg/max:  7.6694e-05 7.66959e-05 7.66988e-05 seconds or  12.2043 MUPD/s or  2399.47 GB/s
16384
STREAM triad of size     1032 : min/avg/max: 8.40668e-05   8.407e-05 8.40721e-05 seconds or   12.276 MUPD/s or  2413.55 GB/s
16384
STREAM triad of size     1136 : min/avg/max: 9.17844e-05 9.17871e-05 9.17905e-05 seconds or  12.3768 MUPD/s or  2433.38 GB/s
16384
STREAM triad of size     1256 : min/avg/max: 0.000101144 0.000101147  0.00010115 seconds or  12.4179 MUPD/s or  2441.47 GB/s
16384
STREAM triad of size     1384 : min/avg/max: 0.000110985  0.00011099 0.000110993 seconds or  12.4701 MUPD/s or  2451.72 GB/s
16384
STREAM triad of size     1528 : min/avg/max: 0.000122656 0.000122659 0.000122662 seconds or  12.4576 MUPD/s or  2449.27 GB/s
16384
STREAM triad of size     1688 : min/avg/max: 0.000134691 0.000134695 0.000134701 seconds or  12.5324 MUPD/s or  2463.98 GB/s
16384
STREAM triad of size     1864 : min/avg/max: 0.000147814 0.000147819 0.000147823 seconds or  12.6105 MUPD/s or  2479.32 GB/s
16384
STREAM triad of size     2056 : min/avg/max: 0.000163329 0.000163338 0.000163342 seconds or  12.5881 MUPD/s or  2474.92 GB/s
16384
STREAM triad of size     2264 : min/avg/max: 0.000180168 0.000180174 0.000180183 seconds or   12.566 MUPD/s or  2470.58 GB/s
16384
STREAM triad of size     2496 : min/avg/max: 0.000196929 0.000196942  0.00019695 seconds or  12.6746 MUPD/s or  2491.93 GB/s
16384
STREAM triad of size     2752 : min/avg/max: 0.000217629 0.000217642 0.000217655 seconds or  12.6454 MUPD/s or  2486.18 GB/s
16384
STREAM triad of size     3032 : min/avg/max: 0.000241977 0.000241989 0.000242001 seconds or  12.5301 MUPD/s or  2463.52 GB/s
16384
STREAM triad of size     3336 : min/avg/max: 0.000266449 0.000266468 0.000266487 seconds or  12.5202 MUPD/s or  2461.58 GB/s
16384
STREAM triad of size     3672 : min/avg/max: 0.000293888 0.000293912 0.000293934 seconds or  12.4945 MUPD/s or  2456.53 GB/s
16384
STREAM triad of size     4040 : min/avg/max: 0.000323912 0.000323939 0.000323965 seconds or  12.4725 MUPD/s or   2452.2 GB/s
16384
STREAM triad of size     4448 : min/avg/max: 0.000357411 0.000357443 0.000357484 seconds or  12.4451 MUPD/s or   2446.8 GB/s
16384
STREAM triad of size     4896 : min/avg/max: 0.000397054 0.000397076 0.000397108 seconds or  12.3308 MUPD/s or  2424.34 GB/s
16384
STREAM triad of size     5392 : min/avg/max: 0.000436377 0.000436402 0.000436476 seconds or  12.3563 MUPD/s or  2429.34 GB/s
16384
STREAM triad of size     5936 : min/avg/max: 0.000482947 0.000482986 0.000483012 seconds or  12.2912 MUPD/s or  2416.55 GB/s
16384
STREAM triad of size     6536 : min/avg/max: 0.000534962 0.000535023  0.00053511 seconds or  12.2177 MUPD/s or   2402.1 GB/s
16384
STREAM triad of size     7192 : min/avg/max: 0.000587681 0.000587716 0.000587815 seconds or  12.2379 MUPD/s or  2406.08 GB/s
16384
STREAM triad of size     7912 : min/avg/max: 0.000651324 0.000651401  0.00065151 seconds or  12.1476 MUPD/s or  2388.31 GB/s
16384
STREAM triad of size     8704 : min/avg/max: 0.000721267 0.000721319 0.000721465 seconds or  12.0676 MUPD/s or   2372.6 GB/s
16384
STREAM triad of size     9576 : min/avg/max: 0.000793556 0.000793622 0.000793843 seconds or  12.0672 MUPD/s or  2372.51 GB/s
