STREAM triad of size      104 : min/avg/max: 7.31253e-06 7.31669e-06 7.35698e-06 seconds or  14.2222 MUPD/s or  17.7493 GB/s
STREAM triad of size      128 : min/avg/max: 1.38507e-05 1.38604e-05 1.38672e-05 seconds or  9.24143 MUPD/s or  14.1948 GB/s
STREAM triad of size      160 : min/avg/max: 2.19431e-05 2.19471e-05 2.19516e-05 seconds or  7.29157 MUPD/s or  13.9998 GB/s
STREAM triad of size      200 : min/avg/max: 1.97623e-05 1.97737e-05 1.97799e-05 seconds or  10.1203 MUPD/s or  24.2886 GB/s
STREAM triad of size      248 : min/avg/max: 2.68941e-05 2.69008e-05 2.69097e-05 seconds or  9.22136 MUPD/s or  27.4428 GB/s
STREAM triad of size      304 : min/avg/max:  5.1429e-05 5.14442e-05 5.14589e-05 seconds or  5.91106 MUPD/s or  21.5636 GB/s
STREAM triad of size      368 : min/avg/max:  7.4894e-05 7.49119e-05 7.49226e-05 seconds or  4.91361 MUPD/s or  21.6985 GB/s
STREAM triad of size      448 : min/avg/max: 0.000142856 0.000142901 0.000142952 seconds or  3.13603 MUPD/s or  16.8593 GB/s
STREAM triad of size      544 : min/avg/max: 0.000216317 0.000216383 0.000216447 seconds or  2.51483 MUPD/s or  16.4168 GB/s
STREAM triad of size      656 : min/avg/max: 0.000234868 0.000235023 0.000235118 seconds or  2.79306 MUPD/s or  21.9869 GB/s
STREAM triad of size      792 : min/avg/max: 0.000288382 0.000288522  0.00028863 seconds or  2.74636 MUPD/s or  26.1014 GB/s
STREAM triad of size      952 : min/avg/max: 0.000423334 0.000423561 0.000423744 seconds or  2.24882 MUPD/s or  25.6905 GB/s
STREAM triad of size     1144 : min/avg/max: 0.000532153 0.000532401  0.00053257 seconds or  2.14976 MUPD/s or  29.5119 GB/s
STREAM triad of size     1376 : min/avg/max: 0.000985093 0.000985505 0.000985729 seconds or  1.39682 MUPD/s or  23.0643 GB/s
STREAM triad of size     1656 : min/avg/max: 0.000786334 0.000786531 0.000786795 seconds or  2.10598 MUPD/s or  41.8499 GB/s
STREAM triad of size     1992 : min/avg/max: 0.000967021 0.000967293 0.000967599 seconds or  2.05993 MUPD/s or  49.2407 GB/s
STREAM triad of size     2392 : min/avg/max:  0.00117871  0.00117894  0.00117923 seconds or  2.02933 MUPD/s or  58.2499 GB/s
STREAM triad of size     2872 : min/avg/max:  0.00141635  0.00141653  0.00141674 seconds or  2.02774 MUPD/s or  69.8842 GB/s
STREAM triad of size     3448 : min/avg/max:  0.00168285  0.00168295  0.00168304 seconds or  2.04891 MUPD/s or  84.7756 GB/s
STREAM triad of size     4144 : min/avg/max:  0.00231035  0.00231046  0.00231062 seconds or  1.79367 MUPD/s or  89.1957 GB/s
STREAM triad of size     4976 : min/avg/max:  0.00281387  0.00281407   0.0028148 seconds or  1.76838 MUPD/s or  105.594 GB/s
