STREAM triad of size      104 : min/avg/max: 7.08305e-06 7.09052e-06 7.11999e-06 seconds or  14.6829 MUPD/s or  18.3243 GB/s
STREAM triad of size      128 : min/avg/max: 1.37594e-05 1.37611e-05 1.37632e-05 seconds or  9.30272 MUPD/s or   14.289 GB/s
STREAM triad of size      160 : min/avg/max: 1.78665e-05 1.78689e-05 1.78715e-05 seconds or   8.9553 MUPD/s or  17.1942 GB/s
STREAM triad of size      200 : min/avg/max: 1.41735e-05 1.41745e-05 1.41754e-05 seconds or  14.1108 MUPD/s or  33.8659 GB/s
STREAM triad of size      248 : min/avg/max:  1.5945e-05 1.59456e-05 1.59464e-05 seconds or  15.5535 MUPD/s or  46.2871 GB/s
STREAM triad of size      304 : min/avg/max: 2.44927e-05 2.44934e-05 2.44939e-05 seconds or  12.4119 MUPD/s or  45.2785 GB/s
STREAM triad of size      368 : min/avg/max: 2.96648e-05 2.96661e-05 2.96667e-05 seconds or  12.4053 MUPD/s or  54.7817 GB/s
STREAM triad of size      448 : min/avg/max: 4.44815e-05 4.44876e-05 4.44956e-05 seconds or  10.0716 MUPD/s or  54.1449 GB/s
STREAM triad of size      544 : min/avg/max: 5.58788e-05 5.58855e-05 5.58959e-05 seconds or  9.73535 MUPD/s or  63.5524 GB/s
STREAM triad of size      656 : min/avg/max:  5.1591e-05 5.16048e-05 5.16172e-05 seconds or  12.7154 MUPD/s or  100.096 GB/s
STREAM triad of size      792 : min/avg/max: 5.26232e-05 5.26408e-05 5.27801e-05 seconds or  15.0504 MUPD/s or  143.039 GB/s
STREAM triad of size      952 : min/avg/max: 6.28888e-05 6.28986e-05  6.2907e-05 seconds or  15.1378 MUPD/s or  172.935 GB/s
STREAM triad of size     1144 : min/avg/max: 7.63512e-05 7.63567e-05 7.63654e-05 seconds or  14.9834 MUPD/s or  205.692 GB/s
STREAM triad of size     1376 : min/avg/max: 0.000167113  0.00016712  0.00016713 seconds or  8.23397 MUPD/s or  135.959 GB/s
STREAM triad of size     1656 : min/avg/max:  0.00014797 0.000148066 0.000148115 seconds or  11.1915 MUPD/s or  222.397 GB/s
STREAM triad of size     1992 : min/avg/max: 0.000179612 0.000179655 0.000179717 seconds or  11.0906 MUPD/s or  265.109 GB/s
STREAM triad of size     2392 : min/avg/max: 0.000224563 0.000224592 0.000224631 seconds or  10.6518 MUPD/s or  305.749 GB/s
STREAM triad of size     2872 : min/avg/max: 0.000272828 0.000272859 0.000272899 seconds or  10.5268 MUPD/s or  362.795 GB/s
STREAM triad of size     3448 : min/avg/max: 0.000334533 0.000334569 0.000334597 seconds or  10.3069 MUPD/s or  426.458 GB/s
STREAM triad of size     4144 : min/avg/max: 0.000426565 0.000426612 0.000426669 seconds or  9.71482 MUPD/s or  483.099 GB/s
STREAM triad of size     4976 : min/avg/max: 0.000539517 0.000539627  0.00053973 seconds or  9.22306 MUPD/s or  550.728 GB/s
