STREAM triad of size    10000 : min/avg/max: 1.98265e-05 2.00409e-05 2.30807e-05 seconds or  504.374 MUPD/s or  629.459 GB/s
STREAM triad of size    10000 : min/avg/max: 2.25173e-05 2.25212e-05 2.25244e-05 seconds or  444.102 MUPD/s or  639.507 GB/s
STREAM triad of size    10000 : min/avg/max: 2.52655e-05 2.52687e-05 2.52717e-05 seconds or  395.796 MUPD/s or  645.939 GB/s
STREAM triad of size    10000 : min/avg/max: 2.80885e-05 2.80912e-05 2.80941e-05 seconds or  356.018 MUPD/s or  649.377 GB/s
STREAM triad of size    10000 : min/avg/max: 3.08681e-05 3.08708e-05 3.08769e-05 seconds or  323.959 MUPD/s or  653.101 GB/s
STREAM triad of size    10000 : min/avg/max: 3.52804e-05 3.52824e-05  3.5288e-05 seconds or  283.443 MUPD/s or  653.053 GB/s
STREAM triad of size    10000 : min/avg/max:  3.9312e-05 3.93143e-05 3.93177e-05 seconds or  254.375 MUPD/s or  659.341 GB/s
STREAM triad of size    10000 : min/avg/max: 4.35515e-05 4.35559e-05 4.35612e-05 seconds or  229.613 MUPD/s or  661.287 GB/s
STREAM triad of size    10000 : min/avg/max: 4.91704e-05 4.91731e-05 4.91757e-05 seconds or  203.374 MUPD/s or  663.814 GB/s
STREAM triad of size    10000 : min/avg/max: 5.48522e-05 5.48555e-05  5.4862e-05 seconds or  182.308 MUPD/s or   665.06 GB/s
STREAM triad of size    10000 : min/avg/max: 6.04973e-05    6.05e-05 6.05071e-05 seconds or  165.297 MUPD/s or  666.476 GB/s
STREAM triad of size    10000 : min/avg/max: 6.79958e-05 6.79993e-05 6.80071e-05 seconds or  147.068 MUPD/s or  663.571 GB/s
STREAM triad of size    10000 : min/avg/max: 7.49936e-05 7.49966e-05 7.50044e-05 seconds or  133.345 MUPD/s or  665.656 GB/s
STREAM triad of size    10000 : min/avg/max: 8.34419e-05 8.34449e-05 8.34521e-05 seconds or  119.844 MUPD/s or  667.291 GB/s
STREAM triad of size    10000 : min/avg/max: 9.24147e-05 9.24768e-05  9.2666e-05 seconds or  108.208 MUPD/s or  664.829 GB/s
STREAM triad of size    10000 : min/avg/max:  0.00010278 0.000102785 0.000102792 seconds or  97.2952 MUPD/s or  663.164 GB/s
STREAM triad of size    10000 : min/avg/max: 0.000114856 0.000114861 0.000114874 seconds or  87.0655 MUPD/s or  660.304 GB/s
STREAM triad of size    10000 : min/avg/max: 0.000126687 0.000126693 0.000126705 seconds or  78.9347 MUPD/s or  659.263 GB/s
STREAM triad of size    10000 : min/avg/max: 0.000140127 0.000140131 0.000140145 seconds or  71.3641 MUPD/s or  657.691 GB/s
STREAM triad of size    10000 : min/avg/max: 0.000155095   0.0001551  0.00015511 seconds or  64.4768 MUPD/s or  656.116 GB/s
STREAM triad of size    10000 : min/avg/max: 0.000172371 0.000172376 0.000172389 seconds or  58.0145 MUPD/s or  651.619 GB/s
STREAM triad of size    10000 : min/avg/max: 0.000191055 0.000191061 0.000191079 seconds or   52.341 MUPD/s or  648.191 GB/s
STREAM triad of size    10000 : min/avg/max: 0.000209561 0.000209568  0.00020959 seconds or  47.7187 MUPD/s or  650.502 GB/s
STREAM triad of size    10000 : min/avg/max: 0.000294827 0.000294853 0.000294889 seconds or  33.9182 MUPD/s or  511.215 GB/s
STREAM triad of size    10000 : min/avg/max: 0.000478325 0.000478331  0.00047834 seconds or  20.9063 MUPD/s or  347.212 GB/s
STREAM triad of size    10000 : min/avg/max: 0.000537612  0.00053763 0.000537652 seconds or  18.6008 MUPD/s or  341.064 GB/s
STREAM triad of size    10000 : min/avg/max: 0.000590386 0.000590404  0.00059043 seconds or  16.9381 MUPD/s or  343.098 GB/s
STREAM triad of size    10000 : min/avg/max: 0.000657709 0.000657737 0.000657761 seconds or  15.2043 MUPD/s or   340.09 GB/s
STREAM triad of size    10000 : min/avg/max: 0.000775128 0.000775177 0.000775206 seconds or  12.9011 MUPD/s or  318.296 GB/s
STREAM triad of size    10000 : min/avg/max: 0.000816186 0.000816245 0.000816284 seconds or  12.2521 MUPD/s or  332.865 GB/s
STREAM triad of size    10000 : min/avg/max: 0.000901053 0.000901141 0.000901232 seconds or  11.0981 MUPD/s or  332.411 GB/s
STREAM triad of size    10000 : min/avg/max:  0.00101361   0.0010137  0.00101382 seconds or  9.86573 MUPD/s or  325.806 GB/s
STREAM triad of size    10000 : min/avg/max:  0.00121441  0.00121448  0.00121458 seconds or  8.23444 MUPD/s or  299.602 GB/s
STREAM triad of size    10000 : min/avg/max:  0.00128035  0.00128049  0.00128066 seconds or  7.81037 MUPD/s or  312.665 GB/s
STREAM triad of size    10000 : min/avg/max:  0.00145627   0.0014565  0.00145672 seconds or  6.86686 MUPD/s or  302.581 GB/s
STREAM triad of size    10000 : min/avg/max:  0.00174786  0.00174804  0.00174815 seconds or  5.72127 MUPD/s or  277.367 GB/s
STREAM triad of size    10000 : min/avg/max:  0.00187051   0.0018707  0.00187086 seconds or  5.34613 MUPD/s or  285.355 GB/s
STREAM triad of size    10000 : min/avg/max:  0.00209036  0.00209058  0.00209075 seconds or  4.78386 MUPD/s or  281.061 GB/s
STREAM triad of size    10000 : min/avg/max:  0.00247594  0.00247605  0.00247623 seconds or  4.03888 MUPD/s or  261.331 GB/s
STREAM triad of size    10000 : min/avg/max:  0.00283399  0.00283415  0.00283438 seconds or   3.5286 MUPD/s or  251.349 GB/s
STREAM triad of size    10000 : min/avg/max:   0.0031032  0.00310335  0.00310354 seconds or  3.22248 MUPD/s or  252.746 GB/s
STREAM triad of size    10000 : min/avg/max:  0.00349914  0.00349931  0.00349948 seconds or  2.85785 MUPD/s or  246.644 GB/s
STREAM triad of size    10000 : min/avg/max:  0.00385573  0.00385584  0.00385595 seconds or  2.59355 MUPD/s or  246.242 GB/s
STREAM triad of size    10000 : min/avg/max:  0.00421796  0.00421811   0.0042184 seconds or  2.37082 MUPD/s or  247.627 GB/s
STREAM triad of size    10000 : min/avg/max:  0.00469824  0.00469839  0.00469856 seconds or  2.12846 MUPD/s or  244.585 GB/s
