STREAM triad of size      104 : min/avg/max: 1.96148e-07 2.03816e-07 3.45796e-07 seconds or  530.212 MUPD/s or   105516 GB/s
STREAM triad of size      120 : min/avg/max:    1.96e-07 1.96219e-07 1.96484e-07 seconds or  612.246 MUPD/s or   121842 GB/s
STREAM triad of size      136 : min/avg/max: 1.96007e-07 1.98017e-07 2.04061e-07 seconds or  693.852 MUPD/s or   138082 GB/s
STREAM triad of size      152 : min/avg/max: 1.95982e-07 1.96155e-07  1.9645e-07 seconds or   775.58 MUPD/s or   154347 GB/s
STREAM triad of size      168 : min/avg/max: 1.95958e-07 1.96222e-07 1.96529e-07 seconds or  857.326 MUPD/s or   170615 GB/s
STREAM triad of size      192 : min/avg/max:  1.9599e-07 1.96134e-07 1.96348e-07 seconds or  979.642 MUPD/s or   194957 GB/s
STREAM triad of size      216 : min/avg/max: 1.95977e-07 1.96396e-07 2.00524e-07 seconds or  1102.17 MUPD/s or   219341 GB/s
STREAM triad of size      240 : min/avg/max: 1.95923e-07 1.97158e-07 2.02122e-07 seconds or  1224.97 MUPD/s or   243779 GB/s
STREAM triad of size      272 : min/avg/max:  1.9578e-07 1.96228e-07 1.96799e-07 seconds or  1389.31 MUPD/s or   276484 GB/s
STREAM triad of size      304 : min/avg/max: 1.95966e-07 1.96186e-07 1.96493e-07 seconds or  1551.29 MUPD/s or   308719 GB/s
STREAM triad of size      336 : min/avg/max: 1.95866e-07 1.96237e-07 1.96718e-07 seconds or  1715.46 MUPD/s or   341389 GB/s
STREAM triad of size      376 : min/avg/max: 1.96095e-07 1.96275e-07 1.96543e-07 seconds or  1917.44 MUPD/s or   381585 GB/s
STREAM triad of size      416 : min/avg/max: 1.95988e-07 1.96388e-07 1.96611e-07 seconds or  2122.58 MUPD/s or   422409 GB/s
STREAM triad of size      464 : min/avg/max: 1.96035e-07 1.96381e-07 1.96531e-07 seconds or  2366.92 MUPD/s or   471036 GB/s
STREAM triad of size      512 : min/avg/max: 1.95928e-07  1.9739e-07 2.01624e-07 seconds or   2613.2 MUPD/s or   520047 GB/s
STREAM triad of size      568 : min/avg/max:  1.9589e-07 1.96281e-07 1.96608e-07 seconds or  2899.59 MUPD/s or   577041 GB/s
STREAM triad of size      632 : min/avg/max:  1.9634e-07 1.98843e-07 2.02508e-07 seconds or  3218.91 MUPD/s or   640589 GB/s
STREAM triad of size      696 : min/avg/max:  1.9591e-07 1.96653e-07  2.0048e-07 seconds or  3552.66 MUPD/s or   707007 GB/s
STREAM triad of size      768 : min/avg/max: 1.95624e-07 1.96229e-07 1.96653e-07 seconds or  3925.89 MUPD/s or   781284 GB/s
STREAM triad of size      848 : min/avg/max: 1.95635e-07 1.96364e-07 1.97237e-07 seconds or  4334.61 MUPD/s or   862622 GB/s
STREAM triad of size      936 : min/avg/max: 1.95706e-07 1.95996e-07 1.96533e-07 seconds or  4782.68 MUPD/s or   951792 GB/s
STREAM triad of size     1032 : min/avg/max: 1.95673e-07 1.96112e-07 1.96854e-07 seconds or   5274.1 MUPD/s or 1.04959e+06 GB/s
STREAM triad of size     1136 : min/avg/max: 1.95959e-07 1.96469e-07 1.98493e-07 seconds or  5797.14 MUPD/s or 1.15368e+06 GB/s
STREAM triad of size     1256 : min/avg/max: 1.95626e-07  1.9597e-07 1.96742e-07 seconds or   6420.4 MUPD/s or 1.27771e+06 GB/s
STREAM triad of size     1384 : min/avg/max: 1.95678e-07  1.9599e-07 1.96521e-07 seconds or  7072.84 MUPD/s or 1.40755e+06 GB/s
STREAM triad of size     1528 : min/avg/max: 1.96134e-07 1.96411e-07 1.96927e-07 seconds or   7790.6 MUPD/s or 1.55039e+06 GB/s
STREAM triad of size     1688 : min/avg/max: 1.95642e-07 1.96175e-07   1.978e-07 seconds or  8628.01 MUPD/s or 1.71704e+06 GB/s
STREAM triad of size     1864 : min/avg/max: 1.95685e-07 1.95972e-07  1.9625e-07 seconds or  9525.52 MUPD/s or 1.89565e+06 GB/s
STREAM triad of size     2056 : min/avg/max: 1.95587e-07 1.95952e-07 1.96622e-07 seconds or    10512 MUPD/s or 2.09196e+06 GB/s
STREAM triad of size     2264 : min/avg/max: 1.95693e-07 1.96274e-07 1.96752e-07 seconds or  11569.2 MUPD/s or 2.30235e+06 GB/s
STREAM triad of size     2496 : min/avg/max: 1.95895e-07 1.96525e-07 1.98099e-07 seconds or  12741.5 MUPD/s or 2.53567e+06 GB/s
STREAM triad of size     2752 : min/avg/max: 1.95478e-07 1.95943e-07 1.96267e-07 seconds or  14078.3 MUPD/s or 2.8017e+06 GB/s
STREAM triad of size     3032 : min/avg/max: 1.95576e-07 1.96122e-07 1.97318e-07 seconds or  15502.9 MUPD/s or 3.08521e+06 GB/s
STREAM triad of size     3336 : min/avg/max:  1.9542e-07 1.95962e-07 1.96911e-07 seconds or  17070.9 MUPD/s or 3.39724e+06 GB/s
STREAM triad of size     3672 : min/avg/max: 1.95461e-07 1.96088e-07 1.98938e-07 seconds or  18786.3 MUPD/s or 3.73863e+06 GB/s
STREAM triad of size     4040 : min/avg/max: 1.95552e-07 1.96229e-07 1.97117e-07 seconds or  20659.5 MUPD/s or 4.11141e+06 GB/s
STREAM triad of size     4448 : min/avg/max: 1.95851e-07 1.96452e-07 1.97219e-07 seconds or  22711.1 MUPD/s or 4.5197e+06 GB/s
STREAM triad of size     4896 : min/avg/max: 1.95767e-07  1.9621e-07 1.96618e-07 seconds or  25009.3 MUPD/s or 4.97706e+06 GB/s
STREAM triad of size     5392 : min/avg/max: 1.95221e-07 1.96566e-07 2.00597e-07 seconds or    27620 MUPD/s or 5.49661e+06 GB/s
STREAM triad of size     5936 : min/avg/max: 1.95236e-07 1.95979e-07 1.97597e-07 seconds or  30404.3 MUPD/s or 6.0507e+06 GB/s
STREAM triad of size     6536 : min/avg/max: 1.95269e-07 1.95593e-07  1.9595e-07 seconds or  33471.7 MUPD/s or 6.66115e+06 GB/s
STREAM triad of size     7192 : min/avg/max: 1.95252e-07 1.96206e-07 1.98326e-07 seconds or  36834.4 MUPD/s or 7.33034e+06 GB/s
STREAM triad of size     7912 : min/avg/max: 1.95036e-07 1.96172e-07 1.97598e-07 seconds or  40566.9 MUPD/s or 8.07313e+06 GB/s
STREAM triad of size     8704 : min/avg/max: 1.95073e-07 1.95776e-07 1.96647e-07 seconds or  44619.2 MUPD/s or 8.87958e+06 GB/s
STREAM triad of size     9576 : min/avg/max: 1.95226e-07 1.95837e-07 1.96592e-07 seconds or  49050.9 MUPD/s or 9.76151e+06 GB/s
