STREAM triad of size      104 : min/avg/max: 1.40229e-07 1.40468e-07 1.40722e-07 seconds or  741.643 MUPD/s or  314.456 GB/s
STREAM triad of size      128 : min/avg/max: 1.40046e-07   1.406e-07 1.42258e-07 seconds or  913.987 MUPD/s or  475.273 GB/s
STREAM triad of size      160 : min/avg/max: 1.40128e-07 1.40454e-07 1.40942e-07 seconds or  1141.81 MUPD/s or  739.896 GB/s
STREAM triad of size      200 : min/avg/max: 1.40217e-07 1.40473e-07 1.40675e-07 seconds or  1426.36 MUPD/s or   1152.5 GB/s
STREAM triad of size      248 : min/avg/max: 1.39941e-07 1.41034e-07 1.44186e-07 seconds or  1772.18 MUPD/s or  1772.18 GB/s
STREAM triad of size      304 : min/avg/max: 1.40212e-07  1.4079e-07 1.43334e-07 seconds or  2168.14 MUPD/s or   2653.8 GB/s
STREAM triad of size      368 : min/avg/max: 1.40104e-07 1.40473e-07 1.41106e-07 seconds or  2626.61 MUPD/s or  3887.39 GB/s
STREAM triad of size      448 : min/avg/max: 1.39923e-07 1.40448e-07 1.40785e-07 seconds or  3201.77 MUPD/s or  5763.18 GB/s
STREAM triad of size      544 : min/avg/max: 1.39958e-07 1.40516e-07 1.41621e-07 seconds or  3886.89 MUPD/s or  8488.97 GB/s
STREAM triad of size      656 : min/avg/max: 1.39998e-07  1.4043e-07 1.41072e-07 seconds or  4685.79 MUPD/s or    12333 GB/s
STREAM triad of size      792 : min/avg/max: 1.39801e-07 1.40458e-07 1.41494e-07 seconds or   5665.2 MUPD/s or  17992.7 GB/s
STREAM triad of size      952 : min/avg/max: 1.39745e-07  1.4023e-07 1.40976e-07 seconds or  6812.43 MUPD/s or  25996.2 GB/s
STREAM triad of size     1144 : min/avg/max: 1.39659e-07 1.40558e-07 1.42147e-07 seconds or   8191.4 MUPD/s or  37549.4 GB/s
STREAM triad of size     1376 : min/avg/max:  1.3959e-07 1.40395e-07 1.41164e-07 seconds or  9857.43 MUPD/s or  54334.2 GB/s
STREAM triad of size     1656 : min/avg/max: 1.38452e-07 1.40225e-07 1.41069e-07 seconds or  11960.8 MUPD/s or  79324.4 GB/s
STREAM triad of size     1992 : min/avg/max: 1.39074e-07 1.40597e-07 1.41563e-07 seconds or  14323.3 MUPD/s or   114243 GB/s
STREAM triad of size     2392 : min/avg/max: 1.39786e-07  1.4061e-07 1.41856e-07 seconds or  17111.8 MUPD/s or   163863 GB/s
STREAM triad of size     2872 : min/avg/max: 1.38167e-07 1.40241e-07 1.41023e-07 seconds or  20786.4 MUPD/s or   238960 GB/s
STREAM triad of size     3448 : min/avg/max: 1.39506e-07 1.40584e-07 1.46459e-07 seconds or  24715.7 MUPD/s or   341077 GB/s
STREAM triad of size     4144 : min/avg/max: 1.39711e-07 1.40793e-07 1.44516e-07 seconds or  29661.2 MUPD/s or   491902 GB/s
STREAM triad of size     4976 : min/avg/max:  1.3964e-07 1.40618e-07 1.41765e-07 seconds or  35634.6 MUPD/s or   709555 GB/s
STREAM triad of size     5976 : min/avg/max: 1.38389e-07 1.40038e-07 1.41032e-07 seconds or  43182.7 MUPD/s or 1.03258e+06 GB/s
STREAM triad of size     7176 : min/avg/max: 1.39539e-07 1.40447e-07 1.42986e-07 seconds or  51426.3 MUPD/s or 1.47655e+06 GB/s
STREAM triad of size     8616 : min/avg/max: 1.39729e-07   1.406e-07 1.41829e-07 seconds or  61662.4 MUPD/s or 2.12563e+06 GB/s
