STREAM triad of size    16384 : min/avg/max: 1.47062e-05 1.48398e-05 1.60667e-05 seconds or  1114.09 MUPD/s or  467.945 GB/s
STREAM triad of size    16384 : min/avg/max: 1.75425e-05 1.75518e-05 1.75788e-05 seconds or  933.963 MUPD/s or  452.065 GB/s
STREAM triad of size    16384 : min/avg/max: 1.96286e-05  1.9643e-05  1.9657e-05 seconds or  834.702 MUPD/s or  457.445 GB/s
STREAM triad of size    16384 : min/avg/max: 2.06668e-05 2.06784e-05 2.06866e-05 seconds or  792.768 MUPD/s or  485.204 GB/s
STREAM triad of size    16384 : min/avg/max: 2.17218e-05 2.17313e-05 2.17468e-05 seconds or  754.265 MUPD/s or  509.914 GB/s
STREAM triad of size    16384 : min/avg/max: 2.49628e-05 2.49824e-05 2.49973e-05 seconds or  656.338 MUPD/s or  506.723 GB/s
STREAM triad of size    16384 : min/avg/max: 2.56215e-05  2.5642e-05  2.5674e-05 seconds or  639.462 MUPD/s or  555.087 GB/s
STREAM triad of size    16384 : min/avg/max:  2.7096e-05 2.71043e-05  2.7113e-05 seconds or  604.664 MUPD/s or  582.932 GB/s
STREAM triad of size    16384 : min/avg/max: 3.07714e-05 3.07892e-05 3.09064e-05 seconds or  532.442 MUPD/s or  581.463 GB/s
STREAM triad of size    16384 : min/avg/max: 3.36958e-05 3.37071e-05  3.3718e-05 seconds or  486.233 MUPD/s or   593.24 GB/s
STREAM triad of size    16384 : min/avg/max: 3.61779e-05  3.6195e-05 3.62087e-05 seconds or  452.873 MUPD/s or   610.51 GB/s
STREAM triad of size    16384 : min/avg/max: 4.01132e-05  4.0126e-05 4.01378e-05 seconds or  408.444 MUPD/s or  615.971 GB/s
STREAM triad of size    16384 : min/avg/max: 4.38309e-05 4.38451e-05 4.38572e-05 seconds or  373.801 MUPD/s or  623.537 GB/s
STREAM triad of size    16384 : min/avg/max: 4.49678e-05 4.49876e-05 4.50007e-05 seconds or  364.349 MUPD/s or  677.731 GB/s
STREAM triad of size    16384 : min/avg/max: 4.66693e-05  4.6677e-05 4.66867e-05 seconds or  351.066 MUPD/s or  720.431 GB/s
STREAM triad of size    16384 : min/avg/max: 5.68983e-05 5.69121e-05 5.69252e-05 seconds or  287.953 MUPD/s or   655.42 GB/s
STREAM triad of size    16384 : min/avg/max: 6.45277e-05 6.45454e-05 6.45584e-05 seconds or  253.907 MUPD/s or   642.93 GB/s
STREAM triad of size    16384 : min/avg/max: 6.71807e-05 6.71934e-05 6.72099e-05 seconds or  243.879 MUPD/s or  679.977 GB/s
STREAM triad of size    16384 : min/avg/max: 7.30864e-05 7.31019e-05 7.31132e-05 seconds or  224.173 MUPD/s or  689.598 GB/s
STREAM triad of size    16384 : min/avg/max: 7.78288e-05 7.78467e-05 7.78634e-05 seconds or  210.513 MUPD/s or  714.947 GB/s
STREAM triad of size    16384 : min/avg/max: 8.57452e-05 8.57834e-05 8.58211e-05 seconds or  191.078 MUPD/s or  716.203 GB/s
STREAM triad of size    16384 : min/avg/max: 9.43347e-05 9.43571e-05 9.43812e-05 seconds or   173.68 MUPD/s or  717.688 GB/s
STREAM triad of size    16384 : min/avg/max: 0.000107877 0.000107894 0.000107926 seconds or  151.877 MUPD/s or  690.779 GB/s
STREAM triad of size    16384 : min/avg/max: 0.000114486 0.000114516 0.000114543 seconds or  143.109 MUPD/s or  719.596 GB/s
STREAM triad of size    16384 : min/avg/max: 0.000128699  0.00012876 0.000128801 seconds or  127.305 MUPD/s or  705.311 GB/s
STREAM triad of size    16384 : min/avg/max: 0.000151434 0.000151472 0.000151548 seconds or  108.192 MUPD/s or  661.743 GB/s
STREAM triad of size    16384 : min/avg/max: 0.000150909 0.000150946 0.000150977 seconds or  108.569 MUPD/s or  733.537 GB/s
STREAM triad of size    16384 : min/avg/max: 0.000166374  0.00016644 0.000166505 seconds or  98.4769 MUPD/s or  734.683 GB/s
STREAM triad of size    16384 : min/avg/max: 0.000217115 0.000217137 0.000217151 seconds or  75.4623 MUPD/s or  620.942 GB/s
STREAM triad of size    16384 : min/avg/max: 0.000236366   0.0002364 0.000236419 seconds or  69.3163 MUPD/s or  628.044 GB/s
STREAM triad of size    16384 : min/avg/max: 0.000247379 0.000247407 0.000247449 seconds or  66.2303 MUPD/s or  661.549 GB/s
STREAM triad of size    16384 : min/avg/max: 0.000270408 0.000270461 0.000270498 seconds or    60.59 MUPD/s or  667.257 GB/s
STREAM triad of size    16384 : min/avg/max:  0.00029052 0.000290603 0.000290685 seconds or  56.3955 MUPD/s or  684.231 GB/s
STREAM triad of size    16384 : min/avg/max: 0.000312431 0.000312538 0.000312626 seconds or  52.4403 MUPD/s or  700.016 GB/s
STREAM triad of size    16384 : min/avg/max: 0.000338167 0.000338232  0.00033828 seconds or  48.4495 MUPD/s or  711.863 GB/s
STREAM triad of size    16384 : min/avg/max:  0.00035516 0.000355232  0.00035531 seconds or  46.1313 MUPD/s or  745.712 GB/s
STREAM triad of size    16384 : min/avg/max:  0.00037496 0.000375058 0.000375211 seconds or  43.6954 MUPD/s or   777.65 GB/s
STREAM triad of size    16384 : min/avg/max: 0.000400681 0.000400721  0.00040082 seconds or  40.8903 MUPD/s or  801.009 GB/s
STREAM triad of size    16384 : min/avg/max: 0.000435614 0.000435679 0.000435824 seconds or  37.6112 MUPD/s or  811.399 GB/s
STREAM triad of size    16384 : min/avg/max: 0.000471615 0.000471723 0.000471883 seconds or  34.7402 MUPD/s or  825.061 GB/s
STREAM triad of size    16384 : min/avg/max: 0.000533991 0.000534175 0.000534339 seconds or  30.6822 MUPD/s or  802.326 GB/s
STREAM triad of size    16384 : min/avg/max: 0.000596788 0.000596963 0.000597131 seconds or  27.4536 MUPD/s or  789.944 GB/s
STREAM triad of size    16384 : min/avg/max: 0.000649421 0.000649595 0.000649874 seconds or  25.2286 MUPD/s or  798.585 GB/s
STREAM triad of size    16384 : min/avg/max: 0.000669916 0.000670043 0.000670307 seconds or  24.4568 MUPD/s or  851.637 GB/s
STREAM triad of size    16384 : min/avg/max: 0.000838285 0.000838595 0.000839339 seconds or  19.5447 MUPD/s or  748.763 GB/s
