STREAM triad of size      104 : min/avg/max: 1.78281e-05 1.78337e-05 1.78693e-05 seconds or  5.83348 MUPD/s or  2.47339 GB/s
STREAM triad of size      128 : min/avg/max: 2.17569e-05 2.17589e-05 2.17612e-05 seconds or   5.8832 MUPD/s or  3.05926 GB/s
STREAM triad of size      160 : min/avg/max: 2.65071e-05 2.65076e-05  2.6508e-05 seconds or  6.03611 MUPD/s or   3.9114 GB/s
STREAM triad of size      200 : min/avg/max: 3.27605e-05 3.27612e-05 3.27618e-05 seconds or   6.1049 MUPD/s or  4.93276 GB/s
STREAM triad of size      248 : min/avg/max: 4.04492e-05 4.04521e-05 4.04536e-05 seconds or  6.13114 MUPD/s or  6.13114 GB/s
STREAM triad of size      304 : min/avg/max: 4.93583e-05 4.93616e-05 4.93645e-05 seconds or  6.15905 MUPD/s or  7.53867 GB/s
STREAM triad of size      368 : min/avg/max: 5.96804e-05 5.96811e-05 5.96825e-05 seconds or  6.16618 MUPD/s or  9.12595 GB/s
STREAM triad of size      448 : min/avg/max: 7.31951e-05 7.31962e-05 7.31971e-05 seconds or  6.12063 MUPD/s or  11.0171 GB/s
STREAM triad of size      544 : min/avg/max: 8.93719e-05 8.93736e-05 8.93784e-05 seconds or  6.08693 MUPD/s or  13.2938 GB/s
STREAM triad of size      656 : min/avg/max: 0.000108285 0.000108291 0.000108294 seconds or  6.05809 MUPD/s or  15.9449 GB/s
STREAM triad of size      792 : min/avg/max: 0.000132126 0.000132137 0.000132148 seconds or  5.99426 MUPD/s or  19.0378 GB/s
STREAM triad of size      952 : min/avg/max: 0.000161641 0.000161644 0.000161649 seconds or  5.88961 MUPD/s or  22.4747 GB/s
STREAM triad of size     1144 : min/avg/max:  0.00019534 0.000195342 0.000195343 seconds or  5.85644 MUPD/s or  26.8459 GB/s
STREAM triad of size     1376 : min/avg/max:  0.00051205 0.000512077 0.000512127 seconds or  2.68724 MUPD/s or   14.812 GB/s
STREAM triad of size     1656 : min/avg/max: 0.000628188 0.000628287 0.000628346 seconds or  2.63615 MUPD/s or   17.483 GB/s
STREAM triad of size     1992 : min/avg/max: 0.000815914 0.000816057 0.000816175 seconds or  2.44143 MUPD/s or  19.4729 GB/s
STREAM triad of size     2392 : min/avg/max:  0.00101142  0.00101151  0.00101163 seconds or  2.36498 MUPD/s or  22.6471 GB/s
STREAM triad of size     2872 : min/avg/max:  0.00124516  0.00124535  0.00124557 seconds or  2.30654 MUPD/s or  26.5159 GB/s
STREAM triad of size     3448 : min/avg/max:  0.00154793    0.001548  0.00154809 seconds or  2.22749 MUPD/s or  30.7393 GB/s
STREAM triad of size     4144 : min/avg/max:  0.00192888  0.00192909  0.00192934 seconds or   2.1484 MUPD/s or   35.629 GB/s
STREAM triad of size     4976 : min/avg/max:  0.00236789  0.00236799  0.00236813 seconds or  2.10145 MUPD/s or   41.844 GB/s
STREAM triad of size     5976 : min/avg/max:   0.0028751  0.00287529  0.00287548 seconds or  2.07854 MUPD/s or   49.702 GB/s
STREAM triad of size     7176 : min/avg/max:  0.00349971  0.00350003  0.00350034 seconds or  2.05046 MUPD/s or  58.8727 GB/s
STREAM triad of size     8616 : min/avg/max:  0.00417996   0.0041803  0.00418058 seconds or  2.06126 MUPD/s or  71.0559 GB/s
