STREAM triad of size      104 : min/avg/max: 4.85207e-06 4.85538e-06 4.89512e-06 seconds or  21.4342 MUPD/s or  865.697 GB/s
STREAM triad of size      120 : min/avg/max: 5.12132e-06 5.12397e-06  5.1377e-06 seconds or  23.4315 MUPD/s or  945.163 GB/s
STREAM triad of size      136 : min/avg/max: 5.63766e-06 5.63895e-06 5.63985e-06 seconds or  24.1235 MUPD/s or  972.132 GB/s
STREAM triad of size      152 : min/avg/max: 6.70854e-06 6.71041e-06  6.7258e-06 seconds or  22.6577 MUPD/s or  912.361 GB/s
STREAM triad of size      168 : min/avg/max: 1.06232e-05  1.0628e-05 1.06364e-05 seconds or  15.8145 MUPD/s or  636.408 GB/s
STREAM triad of size      192 : min/avg/max: 1.30051e-05 1.30096e-05 1.30166e-05 seconds or  14.7634 MUPD/s or  593.671 GB/s
STREAM triad of size      216 : min/avg/max: 1.55645e-05 1.55668e-05 1.55697e-05 seconds or  13.8778 MUPD/s or  557.736 GB/s
STREAM triad of size      240 : min/avg/max: 1.61095e-05 1.61121e-05 1.61152e-05 seconds or   14.898 MUPD/s or  598.463 GB/s
STREAM triad of size      272 : min/avg/max: 1.72866e-05 1.72889e-05 1.72927e-05 seconds or  15.7347 MUPD/s or  631.765 GB/s
STREAM triad of size      304 : min/avg/max: 1.92684e-05 1.92722e-05 1.92804e-05 seconds or  15.7772 MUPD/s or  633.225 GB/s
STREAM triad of size      336 : min/avg/max: 2.04433e-05 2.04447e-05 2.04462e-05 seconds or  16.4357 MUPD/s or   659.45 GB/s
STREAM triad of size      376 : min/avg/max: 2.29039e-05 2.29072e-05 2.29107e-05 seconds or  16.4164 MUPD/s or  658.468 GB/s
STREAM triad of size      416 : min/avg/max: 2.44126e-05 2.44206e-05 2.44235e-05 seconds or  17.0404 MUPD/s or  683.322 GB/s
STREAM triad of size      464 : min/avg/max: 2.62668e-05 2.62707e-05 2.62743e-05 seconds or  17.6649 MUPD/s or  708.189 GB/s
STREAM triad of size      512 : min/avg/max: 2.81924e-05 2.81958e-05 2.81986e-05 seconds or  18.1609 MUPD/s or  727.927 GB/s
STREAM triad of size      568 : min/avg/max: 3.12064e-05 3.12087e-05 3.12126e-05 seconds or  18.2014 MUPD/s or  729.411 GB/s
STREAM triad of size      632 : min/avg/max:  3.4679e-05 3.46851e-05 3.46902e-05 seconds or  18.2243 MUPD/s or  730.197 GB/s
STREAM triad of size      696 : min/avg/max: 3.72849e-05 3.72874e-05 3.72906e-05 seconds or  18.6671 MUPD/s or   747.83 GB/s
STREAM triad of size      768 : min/avg/max: 3.97138e-05  3.9717e-05  3.9721e-05 seconds or  19.3384 MUPD/s or   774.62 GB/s
STREAM triad of size      848 : min/avg/max: 4.37355e-05  4.3739e-05 4.37425e-05 seconds or  19.3893 MUPD/s or  776.563 GB/s
STREAM triad of size      936 : min/avg/max:  4.8199e-05  4.8203e-05 4.82244e-05 seconds or  19.4195 MUPD/s or  777.688 GB/s
STREAM triad of size     1032 : min/avg/max: 5.30456e-05 5.30514e-05 5.30564e-05 seconds or   19.455 MUPD/s or   779.03 GB/s
STREAM triad of size     1136 : min/avg/max: 5.70474e-05 5.70604e-05  5.7076e-05 seconds or  19.9133 MUPD/s or  797.312 GB/s
STREAM triad of size     1256 : min/avg/max: 6.24829e-05 6.24875e-05 6.24934e-05 seconds or  20.1015 MUPD/s or   804.78 GB/s
STREAM triad of size     1384 : min/avg/max:  6.8628e-05 6.86374e-05 6.86557e-05 seconds or  20.1667 MUPD/s or  807.331 GB/s
STREAM triad of size     1528 : min/avg/max: 7.54519e-05 7.54553e-05 7.54599e-05 seconds or  20.2513 MUPD/s or  810.664 GB/s
STREAM triad of size     1688 : min/avg/max: 8.23173e-05 8.23282e-05 8.23669e-05 seconds or   20.506 MUPD/s or  820.809 GB/s
STREAM triad of size     1864 : min/avg/max: 9.06932e-05 9.06996e-05  9.0704e-05 seconds or  20.5528 MUPD/s or  822.636 GB/s
STREAM triad of size     2056 : min/avg/max:  0.00010006 0.000100068 0.000100082 seconds or  20.5476 MUPD/s or  822.388 GB/s
STREAM triad of size     2264 : min/avg/max: 0.000109605  0.00010961 0.000109614 seconds or   20.656 MUPD/s or  826.687 GB/s
STREAM triad of size     2496 : min/avg/max: 0.000120662 0.000120666  0.00012067 seconds or  20.6859 MUPD/s or  827.851 GB/s
STREAM triad of size     2752 : min/avg/max: 0.000132206  0.00013221 0.000132216 seconds or   20.816 MUPD/s or  833.027 GB/s
STREAM triad of size     3032 : min/avg/max: 0.000145043 0.000145052 0.000145069 seconds or  20.9042 MUPD/s or  836.526 GB/s
STREAM triad of size     3336 : min/avg/max: 0.000159043 0.000159049 0.000159058 seconds or  20.9755 MUPD/s or  839.356 GB/s
STREAM triad of size     3672 : min/avg/max:  0.00017482  0.00017483 0.000174839 seconds or  21.0045 MUPD/s or  840.493 GB/s
STREAM triad of size     4040 : min/avg/max: 0.000191637 0.000191649 0.000191666 seconds or  21.0815 MUPD/s or  843.552 GB/s
STREAM triad of size     4448 : min/avg/max: 0.000210069 0.000210087 0.000210097 seconds or   21.174 MUPD/s or  847.233 GB/s
STREAM triad of size     4896 : min/avg/max: 0.000230903 0.000230918  0.00023094 seconds or  21.2037 MUPD/s or  848.407 GB/s
STREAM triad of size     5392 : min/avg/max: 0.000254332 0.000254345 0.000254362 seconds or  21.2006 MUPD/s or  848.266 GB/s
STREAM triad of size     5936 : min/avg/max: 0.000278715 0.000278734 0.000278755 seconds or  21.2977 MUPD/s or  852.138 GB/s
STREAM triad of size     6536 : min/avg/max: 0.000308095 0.000308115 0.000308168 seconds or  21.2142 MUPD/s or  848.784 GB/s
STREAM triad of size     7192 : min/avg/max: 0.000339882 0.000339934 0.000339991 seconds or  21.1603 MUPD/s or  846.613 GB/s
STREAM triad of size     7912 : min/avg/max: 0.000372987 0.000373014 0.000373064 seconds or  21.2125 MUPD/s or  848.693 GB/s
STREAM triad of size     8704 : min/avg/max: 0.000410517 0.000410586 0.000410733 seconds or  21.2025 MUPD/s or  848.284 GB/s
STREAM triad of size     9576 : min/avg/max: 0.000452931 0.000452997  0.00045315 seconds or  21.1423 MUPD/s or  845.864 GB/s
