STREAM triad of size    10000 : min/avg/max:  0.00161517  0.00161551  0.00161893 seconds or  6.19132 MUPD/s or  2.60061 GB/s
STREAM triad of size    10000 : min/avg/max:  0.00162771  0.00162791  0.00162815 seconds or  6.14362 MUPD/s or  3.17042 GB/s
STREAM triad of size    10000 : min/avg/max:  0.00269871  0.00269903  0.00269923 seconds or  3.70547 MUPD/s or  2.38656 GB/s
STREAM triad of size    10000 : min/avg/max:  0.00332027  0.00332052  0.00332073 seconds or   3.0118 MUPD/s or  2.42173 GB/s
STREAM triad of size    10000 : min/avg/max:   0.0032782  0.00327848   0.0032787 seconds or  3.05046 MUPD/s or  3.03856 GB/s
STREAM triad of size    10000 : min/avg/max:  0.00345521  0.00345539  0.00345564 seconds or  2.89418 MUPD/s or  3.53125 GB/s
STREAM triad of size    10000 : min/avg/max:  0.00337411  0.00337443  0.00337478 seconds or  2.96375 MUPD/s or  4.37492 GB/s
STREAM triad of size    10000 : min/avg/max:  0.00357892   0.0035793  0.00357955 seconds or  2.79414 MUPD/s or  5.01877 GB/s
STREAM triad of size    10000 : min/avg/max:   0.0036853  0.00368568  0.00368616 seconds or  2.71349 MUPD/s or  5.91599 GB/s
STREAM triad of size    10000 : min/avg/max:  0.00383886  0.00383913   0.0038394 seconds or  2.60494 MUPD/s or  6.84647 GB/s
STREAM triad of size    10000 : min/avg/max:  0.00398262  0.00398294  0.00398333 seconds or  2.51091 MUPD/s or  7.96539 GB/s
STREAM triad of size    10000 : min/avg/max:  0.00420328  0.00420365  0.00420425 seconds or  2.37909 MUPD/s or     9.07 GB/s
STREAM triad of size    10000 : min/avg/max:  0.00421092  0.00421129  0.00421181 seconds or  2.37478 MUPD/s or  10.8776 GB/s
STREAM triad of size    10000 : min/avg/max:  0.00433858  0.00433892  0.00433932 seconds or   2.3049 MUPD/s or  12.6967 GB/s
STREAM triad of size    10000 : min/avg/max:  0.00446185  0.00446215  0.00446244 seconds or  2.24122 MUPD/s or  14.8563 GB/s
STREAM triad of size    10000 : min/avg/max:  0.00453091  0.00453134  0.00453212 seconds or  2.20706 MUPD/s or  17.5965 GB/s
STREAM triad of size    10000 : min/avg/max:  0.00462127  0.00462168  0.00462226 seconds or  2.16391 MUPD/s or   20.715 GB/s
STREAM triad of size    10000 : min/avg/max:  0.00466703   0.0046676  0.00466822 seconds or  2.14269 MUPD/s or  24.6262 GB/s
STREAM triad of size    10000 : min/avg/max:  0.00472325  0.00472353  0.00472386 seconds or  2.11719 MUPD/s or  29.2116 GB/s
STREAM triad of size    10000 : min/avg/max:  0.00480261  0.00480296  0.00480347 seconds or   2.0822 MUPD/s or  34.5264 GB/s
STREAM triad of size    10000 : min/avg/max:  0.00483209  0.00483235  0.00483267 seconds or   2.0695 MUPD/s or  41.2037 GB/s
STREAM triad of size    10000 : min/avg/max:  0.00485789  0.00485822  0.00485858 seconds or  2.05851 MUPD/s or  49.2197 GB/s
STREAM triad of size    10000 : min/avg/max:  0.00490382  0.00490416  0.00490461 seconds or  2.03923 MUPD/s or   58.548 GB/s
STREAM triad of size    10000 : min/avg/max:  0.00486357  0.00486378  0.00486392 seconds or   2.0561 MUPD/s or  70.8768 GB/s
