STREAM triad of size      104 : min/avg/max: 2.73067e-06 2.73617e-06 2.77234e-06 seconds or  38.0858 MUPD/s or  47.5311 GB/s
STREAM triad of size      120 : min/avg/max: 2.75059e-06 2.75443e-06 2.76113e-06 seconds or  43.6271 MUPD/s or   62.823 GB/s
STREAM triad of size      136 : min/avg/max: 3.18015e-06 3.18362e-06 3.19044e-06 seconds or  42.7652 MUPD/s or  69.7928 GB/s
STREAM triad of size      152 : min/avg/max:  3.3883e-06 3.39037e-06  3.3938e-06 seconds or  44.8602 MUPD/s or  81.8251 GB/s
STREAM triad of size      168 : min/avg/max: 3.49998e-06 3.50577e-06 3.51723e-06 seconds or  48.0002 MUPD/s or  96.7685 GB/s
STREAM triad of size      192 : min/avg/max: 3.57499e-06 3.57899e-06 3.58496e-06 seconds or  53.7064 MUPD/s or   123.74 GB/s
STREAM triad of size      216 : min/avg/max: 3.59943e-06 3.60137e-06 3.60386e-06 seconds or  60.0096 MUPD/s or  155.545 GB/s
STREAM triad of size      240 : min/avg/max: 3.19381e-06 3.19983e-06 3.20408e-06 seconds or  75.1453 MUPD/s or  216.418 GB/s
STREAM triad of size      272 : min/avg/max: 4.04391e-06 4.04626e-06 4.05457e-06 seconds or  67.2617 MUPD/s or  219.542 GB/s
STREAM triad of size      304 : min/avg/max: 4.20331e-06 4.20495e-06 4.20711e-06 seconds or   72.324 MUPD/s or  263.838 GB/s
STREAM triad of size      336 : min/avg/max: 4.72948e-06 4.73137e-06 4.73294e-06 seconds or  71.0437 MUPD/s or  286.448 GB/s
STREAM triad of size      376 : min/avg/max:  4.2593e-06 4.26689e-06 4.26968e-06 seconds or  88.2773 MUPD/s or  398.307 GB/s
STREAM triad of size      416 : min/avg/max: 4.84787e-06 4.85835e-06 4.86258e-06 seconds or  85.8109 MUPD/s or  428.368 GB/s
STREAM triad of size      464 : min/avg/max:  4.8377e-06 4.84783e-06 4.85565e-06 seconds or  95.9134 MUPD/s or  534.046 GB/s
STREAM triad of size      512 : min/avg/max: 4.00846e-06 4.01177e-06 4.01456e-06 seconds or   127.73 MUPD/s or  784.772 GB/s
STREAM triad of size      568 : min/avg/max: 5.20117e-06 5.20425e-06 5.21212e-06 seconds or  109.206 MUPD/s or  744.349 GB/s
STREAM triad of size      632 : min/avg/max: 5.49403e-06 5.50266e-06 5.50523e-06 seconds or  115.034 MUPD/s or  872.417 GB/s
STREAM triad of size      696 : min/avg/max: 6.08313e-06 6.08409e-06  6.0863e-06 seconds or  114.415 MUPD/s or  955.592 GB/s
STREAM triad of size      768 : min/avg/max: 5.78402e-06 5.78832e-06  5.7932e-06 seconds or   132.78 MUPD/s or   1223.7 GB/s
STREAM triad of size      848 : min/avg/max: 6.68993e-06 6.69175e-06 6.69438e-06 seconds or  126.758 MUPD/s or  1289.89 GB/s
STREAM triad of size      936 : min/avg/max: 7.03708e-06 7.03788e-06 7.03927e-06 seconds or   133.01 MUPD/s or  1493.96 GB/s
STREAM triad of size     1032 : min/avg/max:   9.684e-06 9.68671e-06 9.69001e-06 seconds or  106.568 MUPD/s or  1319.73 GB/s
STREAM triad of size     1136 : min/avg/max: 1.23769e-05 1.23785e-05 1.23812e-05 seconds or  91.7837 MUPD/s or   1251.2 GB/s
STREAM triad of size     1256 : min/avg/max: 2.00976e-05 2.00999e-05 2.01016e-05 seconds or  62.4949 MUPD/s or  941.924 GB/s
STREAM triad of size     1384 : min/avg/max: 2.37197e-05 2.37294e-05 2.37787e-05 seconds or  58.3482 MUPD/s or  969.046 GB/s
STREAM triad of size     1528 : min/avg/max: 2.72184e-05 2.72209e-05 2.72255e-05 seconds or  56.1385 MUPD/s or  1029.36 GB/s
STREAM triad of size     1688 : min/avg/max:  3.0074e-05 3.00778e-05 3.00822e-05 seconds or  56.1282 MUPD/s or  1136.93 GB/s
STREAM triad of size     1864 : min/avg/max: 3.32254e-05 3.32399e-05 3.32523e-05 seconds or  56.1016 MUPD/s or  1254.88 GB/s
STREAM triad of size     2056 : min/avg/max: 3.58187e-05 3.58221e-05 3.58342e-05 seconds or  57.4002 MUPD/s or  1416.18 GB/s
STREAM triad of size     2264 : min/avg/max: 4.16437e-05 4.16475e-05 4.16525e-05 seconds or  54.3659 MUPD/s or  1477.01 GB/s
STREAM triad of size     2496 : min/avg/max: 4.66639e-05 4.66673e-05 4.66753e-05 seconds or  53.4889 MUPD/s or   1602.1 GB/s
STREAM triad of size     2752 : min/avg/max: 5.25105e-05  5.2521e-05 5.25295e-05 seconds or  52.4086 MUPD/s or  1730.74 GB/s
STREAM triad of size     3032 : min/avg/max:  6.1898e-05 6.19053e-05 6.19115e-05 seconds or  48.9838 MUPD/s or  1782.23 GB/s
STREAM triad of size     3336 : min/avg/max: 6.99298e-05  6.9939e-05 6.99472e-05 seconds or   47.705 MUPD/s or  1909.73 GB/s
STREAM triad of size     3672 : min/avg/max: 8.15457e-05 8.15512e-05 8.15554e-05 seconds or    45.03 MUPD/s or   1984.2 GB/s
STREAM triad of size     4040 : min/avg/max: 9.26375e-05 9.26505e-05 9.26664e-05 seconds or  43.6108 MUPD/s or  2114.25 GB/s
STREAM triad of size     4448 : min/avg/max: 0.000108015 0.000108024 0.000108038 seconds or  41.1793 MUPD/s or  2197.99 GB/s
STREAM triad of size     4896 : min/avg/max: 0.000127219 0.000127229 0.000127236 seconds or  38.4849 MUPD/s or  2261.07 GB/s
