STREAM triad of size      104 : min/avg/max: 2.72995e-06  2.7347e-06 2.78008e-06 seconds or   38.096 MUPD/s or  47.5438 GB/s
STREAM triad of size      120 : min/avg/max: 2.79517e-06   2.799e-06 2.80294e-06 seconds or  42.9313 MUPD/s or   61.821 GB/s
STREAM triad of size      136 : min/avg/max: 3.27114e-06 3.27227e-06 3.27493e-06 seconds or  41.5758 MUPD/s or  67.8516 GB/s
STREAM triad of size      152 : min/avg/max: 3.39453e-06 3.39662e-06 3.39803e-06 seconds or  44.7779 MUPD/s or  81.6749 GB/s
STREAM triad of size      168 : min/avg/max: 3.52053e-06 3.52214e-06 3.52415e-06 seconds or  47.7201 MUPD/s or  96.2038 GB/s
STREAM triad of size      192 : min/avg/max: 3.52682e-06 3.52819e-06 3.52961e-06 seconds or    54.44 MUPD/s or   125.43 GB/s
STREAM triad of size      216 : min/avg/max: 3.61649e-06  3.6193e-06 3.62209e-06 seconds or  59.7265 MUPD/s or  154.811 GB/s
STREAM triad of size      240 : min/avg/max: 3.29014e-06 3.29078e-06 3.29145e-06 seconds or  72.9453 MUPD/s or  210.083 GB/s
STREAM triad of size      272 : min/avg/max: 4.14745e-06 4.15099e-06 4.15342e-06 seconds or  65.5825 MUPD/s or  214.061 GB/s
STREAM triad of size      304 : min/avg/max:  4.2203e-06 4.22234e-06 4.22469e-06 seconds or  72.0328 MUPD/s or  262.775 GB/s
STREAM triad of size      336 : min/avg/max: 4.74852e-06 4.75003e-06 4.75235e-06 seconds or  70.7589 MUPD/s or    285.3 GB/s
STREAM triad of size      376 : min/avg/max: 4.27332e-06 4.27673e-06 4.28022e-06 seconds or  87.9878 MUPD/s or  397.001 GB/s
STREAM triad of size      416 : min/avg/max: 4.88219e-06 4.88421e-06 4.88547e-06 seconds or  85.2076 MUPD/s or  425.357 GB/s
STREAM triad of size      464 : min/avg/max: 4.87703e-06 4.88337e-06 4.89291e-06 seconds or  95.1399 MUPD/s or  529.739 GB/s
STREAM triad of size      512 : min/avg/max: 4.00731e-06 4.00908e-06 4.01275e-06 seconds or  127.766 MUPD/s or  784.997 GB/s
STREAM triad of size      568 : min/avg/max: 5.22907e-06 5.23236e-06 5.23522e-06 seconds or  108.624 MUPD/s or  740.378 GB/s
STREAM triad of size      632 : min/avg/max: 5.53994e-06 5.54497e-06 5.55293e-06 seconds or  114.081 MUPD/s or  865.188 GB/s
STREAM triad of size      696 : min/avg/max: 6.11855e-06 6.12059e-06 6.12346e-06 seconds or  113.753 MUPD/s or  950.061 GB/s
STREAM triad of size      768 : min/avg/max:  5.8438e-06 5.84542e-06 5.84878e-06 seconds or  131.421 MUPD/s or  1211.18 GB/s
STREAM triad of size      848 : min/avg/max: 6.74081e-06 6.74479e-06 6.74824e-06 seconds or  125.801 MUPD/s or  1280.15 GB/s
STREAM triad of size      936 : min/avg/max: 7.05518e-06 7.05609e-06 7.05893e-06 seconds or  132.668 MUPD/s or  1490.13 GB/s
STREAM triad of size     1032 : min/avg/max: 9.72245e-06 9.72564e-06 9.72912e-06 seconds or  106.146 MUPD/s or  1314.51 GB/s
STREAM triad of size     1136 : min/avg/max: 1.24008e-05 1.24026e-05 1.24053e-05 seconds or  91.6066 MUPD/s or  1248.78 GB/s
STREAM triad of size     1256 : min/avg/max: 2.02309e-05 2.02359e-05 2.02424e-05 seconds or  62.0833 MUPD/s or   935.72 GB/s
STREAM triad of size     1384 : min/avg/max: 2.36518e-05 2.36585e-05 2.36656e-05 seconds or  58.5156 MUPD/s or  971.827 GB/s
STREAM triad of size     1528 : min/avg/max: 2.72223e-05 2.72236e-05 2.72284e-05 seconds or  56.1304 MUPD/s or  1029.21 GB/s
STREAM triad of size     1688 : min/avg/max:  3.0127e-05 3.01298e-05 3.01323e-05 seconds or  56.0294 MUPD/s or  1134.93 GB/s
STREAM triad of size     1864 : min/avg/max: 3.33927e-05 3.33997e-05 3.34089e-05 seconds or  55.8205 MUPD/s or  1248.59 GB/s
STREAM triad of size     2056 : min/avg/max: 3.49711e-05 3.49758e-05 3.49852e-05 seconds or  58.7915 MUPD/s or   1450.5 GB/s
STREAM triad of size     2264 : min/avg/max: 4.15529e-05 4.15663e-05 4.16069e-05 seconds or  54.4847 MUPD/s or  1480.24 GB/s
STREAM triad of size     2496 : min/avg/max: 4.54023e-05  4.5407e-05 4.54162e-05 seconds or  54.9752 MUPD/s or  1646.62 GB/s
STREAM triad of size     2752 : min/avg/max: 5.30098e-05 5.30166e-05 5.30282e-05 seconds or  51.9149 MUPD/s or  1714.44 GB/s
STREAM triad of size     3032 : min/avg/max: 6.18671e-05 6.19248e-05  6.1938e-05 seconds or  49.0083 MUPD/s or  1783.12 GB/s
STREAM triad of size     3336 : min/avg/max: 6.97269e-05 6.97358e-05 6.97487e-05 seconds or  47.8438 MUPD/s or  1915.28 GB/s
STREAM triad of size     3672 : min/avg/max: 8.17074e-05 8.17122e-05 8.17188e-05 seconds or  44.9409 MUPD/s or  1980.27 GB/s
STREAM triad of size     4040 : min/avg/max: 9.33782e-05 9.33832e-05 9.33891e-05 seconds or  43.2649 MUPD/s or  2097.48 GB/s
STREAM triad of size     4448 : min/avg/max: 0.000107373 0.000107379 0.000107389 seconds or  41.4256 MUPD/s or  2211.13 GB/s
STREAM triad of size     4896 : min/avg/max: 0.000127852 0.000127866 0.000127877 seconds or  38.2941 MUPD/s or  2249.86 GB/s
