STREAM triad of size      104 : min/avg/max: 2.06314e-05 2.06347e-05 2.06813e-05 seconds or  5.04086 MUPD/s or  333.555 GB/s
STREAM triad of size      128 : min/avg/max: 2.49375e-05 2.49377e-05 2.49381e-05 seconds or  5.13284 MUPD/s or  339.034 GB/s
STREAM triad of size      160 : min/avg/max: 3.07057e-05 3.07068e-05 3.07073e-05 seconds or  5.21077 MUPD/s or  343.648 GB/s
STREAM triad of size      200 : min/avg/max: 3.79377e-05 3.79383e-05 3.79396e-05 seconds or   5.2718 MUPD/s or  347.241 GB/s
STREAM triad of size      248 : min/avg/max: 4.64578e-05 4.64606e-05 4.64641e-05 seconds or  5.33818 MUPD/s or  351.275 GB/s
STREAM triad of size      304 : min/avg/max: 5.65758e-05 5.65765e-05 5.65774e-05 seconds or  5.37332 MUPD/s or  353.326 GB/s
STREAM triad of size      368 : min/avg/max: 6.80721e-05 6.80729e-05 6.80738e-05 seconds or  5.40603 MUPD/s or  355.274 GB/s
STREAM triad of size      448 : min/avg/max: 8.24194e-05 8.24217e-05 8.24281e-05 seconds or  5.43561 MUPD/s or  357.045 GB/s
STREAM triad of size      544 : min/avg/max: 9.96712e-05  9.9676e-05 9.96866e-05 seconds or  5.45794 MUPD/s or  358.371 GB/s
STREAM triad of size      656 : min/avg/max: 0.000119832 0.000119833 0.000119834 seconds or  5.47433 MUPD/s or  359.335 GB/s
STREAM triad of size      792 : min/avg/max: 0.000144319  0.00014432 0.000144322 seconds or  5.48784 MUPD/s or  360.127 GB/s
STREAM triad of size      952 : min/avg/max: 0.000258311 0.000258322 0.000258333 seconds or  3.68548 MUPD/s or    241.8 GB/s
STREAM triad of size     1144 : min/avg/max: 0.000511395 0.000511431 0.000511456 seconds or  2.23702 MUPD/s or  146.742 GB/s
STREAM triad of size     1376 : min/avg/max: 0.000615945 0.000615981 0.000616012 seconds or  2.23397 MUPD/s or  146.521 GB/s
STREAM triad of size     1656 : min/avg/max: 0.000747788 0.000747826 0.000747864 seconds or  2.21453 MUPD/s or  145.228 GB/s
STREAM triad of size     1992 : min/avg/max: 0.000904299 0.000904375 0.000904432 seconds or  2.20281 MUPD/s or  144.445 GB/s
STREAM triad of size     2392 : min/avg/max:  0.00110189  0.00110201  0.00110206 seconds or  2.17082 MUPD/s or  142.335 GB/s
STREAM triad of size     2872 : min/avg/max:  0.00132471  0.00132477  0.00132481 seconds or  2.16802 MUPD/s or  142.142 GB/s
STREAM triad of size     3448 : min/avg/max:  0.00161345  0.00161355  0.00161363 seconds or  2.13703 MUPD/s or  140.102 GB/s
STREAM triad of size     4144 : min/avg/max:  0.00196035   0.0019605  0.00196062 seconds or  2.11391 MUPD/s or  138.579 GB/s
STREAM triad of size     4976 : min/avg/max:  0.00236175  0.00236185  0.00236197 seconds or  2.10691 MUPD/s or  138.115 GB/s
