STREAM triad of size      104 : min/avg/max: 2.65988e-06 2.66458e-06 2.71306e-06 seconds or  39.0995 MUPD/s or  16.5782 GB/s
STREAM triad of size      120 : min/avg/max: 2.76449e-06 2.76856e-06 2.77171e-06 seconds or  43.4076 MUPD/s or  21.1829 GB/s
STREAM triad of size      136 : min/avg/max: 3.03721e-06  3.0382e-06 3.04018e-06 seconds or  44.7779 MUPD/s or  24.7174 GB/s
STREAM triad of size      152 : min/avg/max: 3.26552e-06 3.26705e-06 3.26907e-06 seconds or   46.547 MUPD/s or  28.6729 GB/s
STREAM triad of size      168 : min/avg/max: 3.26749e-06 3.26847e-06 3.26946e-06 seconds or  51.4157 MUPD/s or  34.9627 GB/s
STREAM triad of size      192 : min/avg/max:  3.6342e-06 3.65142e-06 3.65611e-06 seconds or  52.8314 MUPD/s or  40.9972 GB/s
STREAM triad of size      216 : min/avg/max: 3.46587e-06  3.4694e-06 3.47608e-06 seconds or  62.3221 MUPD/s or  54.3449 GB/s
STREAM triad of size      240 : min/avg/max: 3.45343e-06 3.45646e-06 3.46824e-06 seconds or  69.4962 MUPD/s or  67.2723 GB/s
STREAM triad of size      272 : min/avg/max:  4.0444e-06 4.04821e-06 4.05357e-06 seconds or  67.2535 MUPD/s or  73.7098 GB/s
STREAM triad of size      304 : min/avg/max: 4.25828e-06 4.26347e-06 4.27258e-06 seconds or  71.3904 MUPD/s or  87.3818 GB/s
STREAM triad of size      336 : min/avg/max: 4.79726e-06 4.80105e-06 4.80445e-06 seconds or    70.04 MUPD/s or  94.6941 GB/s
STREAM triad of size      376 : min/avg/max: 4.20407e-06 4.21194e-06 4.21572e-06 seconds or  89.4372 MUPD/s or  135.229 GB/s
STREAM triad of size      416 : min/avg/max: 4.53585e-06 4.54077e-06 4.54782e-06 seconds or  91.7138 MUPD/s or  153.346 GB/s
STREAM triad of size      464 : min/avg/max: 4.76159e-06 4.76391e-06  4.7655e-06 seconds or  97.4465 MUPD/s or   181.64 GB/s
STREAM triad of size      512 : min/avg/max: 3.94115e-06 3.95737e-06 3.96205e-06 seconds or  129.911 MUPD/s or  267.098 GB/s
STREAM triad of size      568 : min/avg/max: 4.99516e-06 5.00116e-06 5.00334e-06 seconds or   113.71 MUPD/s or  259.259 GB/s
STREAM triad of size      632 : min/avg/max:  5.3404e-06 5.34309e-06 5.34859e-06 seconds or  118.343 MUPD/s or  300.119 GB/s
STREAM triad of size      696 : min/avg/max: 5.69123e-06 5.69449e-06  5.7007e-06 seconds or  122.293 MUPD/s or  341.443 GB/s
STREAM triad of size      768 : min/avg/max:  5.2549e-06 5.25727e-06 5.26047e-06 seconds or  146.149 MUPD/s or   450.14 GB/s
STREAM triad of size      848 : min/avg/max: 6.20555e-06 6.21309e-06  6.2148e-06 seconds or  136.652 MUPD/s or  464.617 GB/s
STREAM triad of size      936 : min/avg/max: 6.42508e-06 6.42745e-06 6.42885e-06 seconds or  145.679 MUPD/s or  546.588 GB/s
STREAM triad of size     1032 : min/avg/max: 9.06401e-06 9.06671e-06 9.07272e-06 seconds or  113.857 MUPD/s or  470.912 GB/s
STREAM triad of size     1136 : min/avg/max:  9.6984e-06 9.70061e-06  9.7046e-06 seconds or  117.133 MUPD/s or  533.188 GB/s
STREAM triad of size     1256 : min/avg/max: 1.46309e-05 1.46336e-05 1.46372e-05 seconds or  85.8456 MUPD/s or  431.975 GB/s
STREAM triad of size     1384 : min/avg/max: 2.12617e-05 2.12643e-05 2.12675e-05 seconds or  65.0937 MUPD/s or  360.879 GB/s
STREAM triad of size     1528 : min/avg/max: 2.35559e-05 2.35584e-05 2.35607e-05 seconds or  64.8669 MUPD/s or  396.985 GB/s
STREAM triad of size     1688 : min/avg/max: 2.73879e-05  2.7393e-05 2.74012e-05 seconds or   61.633 MUPD/s or  416.639 GB/s
STREAM triad of size     1864 : min/avg/max:  2.9958e-05 2.99611e-05 2.99647e-05 seconds or  62.2204 MUPD/s or  464.413 GB/s
STREAM triad of size     2056 : min/avg/max:   3.187e-05 3.18755e-05 3.18844e-05 seconds or  64.5122 MUPD/s or  531.064 GB/s
STREAM triad of size     2264 : min/avg/max: 3.81952e-05 3.81998e-05 3.82047e-05 seconds or  59.2745 MUPD/s or  537.264 GB/s
STREAM triad of size     2496 : min/avg/max: 4.13113e-05 4.13155e-05 4.13207e-05 seconds or  60.4193 MUPD/s or  603.709 GB/s
STREAM triad of size     2752 : min/avg/max: 4.82338e-05 4.82411e-05  4.8251e-05 seconds or  57.0554 MUPD/s or  628.523 GB/s
STREAM triad of size     3032 : min/avg/max: 5.65083e-05 5.65117e-05 5.65153e-05 seconds or  53.6559 MUPD/s or  651.168 GB/s
STREAM triad of size     3336 : min/avg/max: 6.60098e-05 6.60193e-05 6.60269e-05 seconds or  50.5379 MUPD/s or  674.783 GB/s
STREAM triad of size     3672 : min/avg/max: 7.70477e-05 7.70569e-05 7.70691e-05 seconds or  47.6588 MUPD/s or  700.394 GB/s
STREAM triad of size     4040 : min/avg/max: 8.75077e-05 8.75148e-05 8.75257e-05 seconds or  46.1674 MUPD/s or  746.434 GB/s
STREAM triad of size     4448 : min/avg/max: 0.000102815 0.000102829 0.000102842 seconds or  43.2621 MUPD/s or  770.066 GB/s
STREAM triad of size     4896 : min/avg/max: 0.000120596 0.000120608 0.000120615 seconds or  40.5982 MUPD/s or    795.4 GB/s
STREAM triad of size     5392 : min/avg/max: 0.000144255 0.000144269 0.000144277 seconds or  37.3781 MUPD/s or  806.471 GB/s
STREAM triad of size     5936 : min/avg/max: 0.000173391 0.000173399  0.00017341 seconds or  34.2348 MUPD/s or  813.146 GB/s
STREAM triad of size     6536 : min/avg/max:  0.00020809  0.00020811 0.000208141 seconds or  31.4095 MUPD/s or  821.422 GB/s
STREAM triad of size     7192 : min/avg/max: 0.000249619  0.00024966 0.000249698 seconds or  28.8119 MUPD/s or   829.09 GB/s
STREAM triad of size     7912 : min/avg/max: 0.000304025 0.000304067 0.000304118 seconds or  26.0241 MUPD/s or   823.82 GB/s
STREAM triad of size     8704 : min/avg/max: 0.000355346 0.000355382 0.000355412 seconds or  24.4944 MUPD/s or  852.994 GB/s
STREAM triad of size     9576 : min/avg/max: 0.000454808 0.000454927 0.000455046 seconds or   21.055 MUPD/s or   806.66 GB/s
