STREAM triad of size      104 : min/avg/max: 1.86887e-05 1.86917e-05 1.87208e-05 seconds or  5.56485 MUPD/s or  2.35949 GB/s
STREAM triad of size      128 : min/avg/max: 2.28141e-05 2.28174e-05 2.28221e-05 seconds or  5.61058 MUPD/s or   2.9175 GB/s
STREAM triad of size      160 : min/avg/max: 2.78448e-05 2.78453e-05 2.78458e-05 seconds or  5.74613 MUPD/s or  3.72349 GB/s
STREAM triad of size      200 : min/avg/max: 3.45014e-05 3.45037e-05 3.45075e-05 seconds or  5.79687 MUPD/s or  4.68387 GB/s
STREAM triad of size      248 : min/avg/max: 4.25195e-05 4.25206e-05 4.25218e-05 seconds or  5.83261 MUPD/s or  5.83261 GB/s
STREAM triad of size      304 : min/avg/max:  5.2162e-05 5.21643e-05 5.21666e-05 seconds or    5.828 MUPD/s or  7.13347 GB/s
STREAM triad of size      368 : min/avg/max: 6.32244e-05 6.32259e-05  6.3228e-05 seconds or  5.82054 MUPD/s or  8.61439 GB/s
STREAM triad of size      448 : min/avg/max: 7.74232e-05 7.74254e-05 7.74291e-05 seconds or  5.78638 MUPD/s or  10.4155 GB/s
STREAM triad of size      544 : min/avg/max: 9.36978e-05 9.37018e-05 9.37059e-05 seconds or   5.8059 MUPD/s or  12.6801 GB/s
STREAM triad of size      656 : min/avg/max: 0.000112904 0.000112907 0.000112911 seconds or  5.81025 MUPD/s or  15.2926 GB/s
STREAM triad of size      792 : min/avg/max: 0.000136225 0.000136227 0.000136229 seconds or  5.81389 MUPD/s or  18.4649 GB/s
STREAM triad of size      952 : min/avg/max: 0.000164597 0.000164607 0.000164614 seconds or  5.78382 MUPD/s or  22.0711 GB/s
STREAM triad of size     1144 : min/avg/max: 0.000197031 0.000197033 0.000197037 seconds or  5.80619 MUPD/s or  26.6156 GB/s
STREAM triad of size     1376 : min/avg/max:  0.00048841 0.000488432 0.000488453 seconds or   2.8173 MUPD/s or   15.529 GB/s
STREAM triad of size     1656 : min/avg/max: 0.000597483 0.000597514 0.000597541 seconds or  2.77163 MUPD/s or  18.3814 GB/s
STREAM triad of size     1992 : min/avg/max: 0.000729773 0.000729839 0.000729914 seconds or  2.72962 MUPD/s or  21.7714 GB/s
STREAM triad of size     2392 : min/avg/max: 0.000900738 0.000900802 0.000900852 seconds or   2.6556 MUPD/s or    25.43 GB/s
STREAM triad of size     2872 : min/avg/max:  0.00110279  0.00110288  0.00110295 seconds or   2.6043 MUPD/s or   29.939 GB/s
STREAM triad of size     3448 : min/avg/max:  0.00135583  0.00135593  0.00135603 seconds or   2.5431 MUPD/s or  35.0948 GB/s
STREAM triad of size     4144 : min/avg/max:  0.00167295  0.00167304  0.00167314 seconds or  2.47706 MUPD/s or  41.0796 GB/s
STREAM triad of size     4976 : min/avg/max:  0.00205022  0.00205036  0.00205047 seconds or  2.42706 MUPD/s or  48.3275 GB/s
STREAM triad of size     5976 : min/avg/max:  0.00248339  0.00248347  0.00248357 seconds or  2.40639 MUPD/s or  57.5416 GB/s
STREAM triad of size     7176 : min/avg/max:  0.00303744  0.00303756  0.00303775 seconds or  2.36252 MUPD/s or  67.8326 GB/s
STREAM triad of size     8616 : min/avg/max:   0.0036387  0.00363882  0.00363898 seconds or  2.36788 MUPD/s or  81.6256 GB/s
